<?xml version="1.0" encoding="UTF-8"?>
<testng-results skipped="0" failed="0" total="1" passed="1">
  <reporter-output>
  </reporter-output>
  <suite name="Example test run" duration-ms="21970" started-at="2015-11-19T00:18:14Z" finished-at="2015-11-19T00:18:36Z">
    <groups>
    </groups>
    <test name="Simple Test" duration-ms="21970" started-at="2015-11-19T00:18:14Z" finished-at="2015-11-19T00:18:36Z">
      <class name="com.google.tests.GoogleHomePageTest">
        <test-method status="PASS" signature="testSetUp()[pri:0, instance:com.google.tests.GoogleHomePageTest@1bb089b]" name="testSetUp" is-config="true" duration-ms="19489" started-at="2015-11-19T05:48:14Z" finished-at="2015-11-19T05:48:34Z">
          <reporter-output>
          </reporter-output>
        </test-method> <!-- testSetUp -->
        <test-method status="PASS" signature="verifyGooglePageTittle()[pri:0, instance:com.google.tests.GoogleHomePageTest@1bb089b]" name="verifyGooglePageTittle" duration-ms="2154" started-at="2015-11-19T05:48:34Z" finished-at="2015-11-19T05:48:36Z">
          <reporter-output>
          </reporter-output>
        </test-method> <!-- verifyGooglePageTittle -->
        <test-method status="PASS" signature="tearDown()[pri:0, instance:com.google.tests.GoogleHomePageTest@1bb089b]" name="tearDown" is-config="true" duration-ms="313" started-at="2015-11-19T05:48:36Z" finished-at="2015-11-19T05:48:36Z">
          <reporter-output>
          </reporter-output>
        </test-method> <!-- tearDown -->
      </class> <!-- com.google.tests.GoogleHomePageTest -->
    </test> <!-- Simple Test -->
  </suite> <!-- Example test run -->
</testng-results>
